sample.interval=20000
"tempfile" "system" "inducePyam" "FUN" "lapply" "similaritiesFromCSV" "FUN" "lapply" "unlist" "inherits" "ldply" "getData" 
"data.frame" "eval" "eval" "as.data.frame.list" "as.data.frame" "data.frame" "FUN" "lapply" "similaritiesFromCSV" "FUN" "lapply" "unlist" "inherits" "ldply" "getData" 
"data.frame" "eval" "eval" "as.data.frame.list" "as.data.frame" "data.frame" "FUN" "lapply" "similaritiesFromCSV" "FUN" "lapply" "unlist" "inherits" "ldply" "getData" 
"tempfile" "system" "inducePyam" "FUN" "lapply" "similaritiesFromCSV" "FUN" "lapply" "unlist" "inherits" "ldply" "getData" 
"any" "as.data.frame.list" "as.data.frame" "data.frame" "FUN" "lapply" "similaritiesFromCSV" "FUN" "lapply" "unlist" "inherits" "ldply" "getData" 
"system" "inducePyam" "FUN" "lapply" "similaritiesFromCSV" "FUN" "lapply" "unlist" "inherits" "ldply" "getData" 
"data.frame" "eval" "eval" "as.data.frame.list" "as.data.frame" "data.frame" "FUN" "lapply" "similaritiesFromCSV" "FUN" "lapply" "unlist" "inherits" "ldply" "getData" 
"match" "%in%" "deparse" "eval" "match.arg" "sort.list" "factor" "as.data.frame.character" "as.data.frame" "data.frame" "eval" "eval" "as.data.frame.list" "as.data.frame" "data.frame" "FUN" "lapply" "similaritiesFromCSV" "FUN" "lapply" "unlist" "inherits" "ldply" "getData" 
"as.data.frame" "data.frame" "eval" "eval" "as.data.frame.list" "as.data.frame" "data.frame" "FUN" "lapply" "similaritiesFromCSV" "FUN" "lapply" "unlist" "inherits" "ldply" "getData" 
"names" "names" "data.frame" "eval" "eval" "as.data.frame.list" "as.data.frame" "data.frame" "FUN" "lapply" "similaritiesFromCSV" "FUN" "lapply" "unlist" "inherits" "ldply" "getData" 
"tempfile" "system" "inducePyam" "FUN" "lapply" "similaritiesFromCSV" "FUN" "lapply" "unlist" "inherits" "ldply" "getData" 
"unlist" "data.frame" "eval" "eval" "as.data.frame.list" "as.data.frame" "data.frame" "FUN" "lapply" "similaritiesFromCSV" "FUN" "lapply" "unlist" "inherits" "ldply" "getData" 
"tempfile" "system" "inducePyam" "FUN" "lapply" "similaritiesFromCSV" "FUN" "lapply" "unlist" "inherits" "ldply" "getData" 
"as.data.frame" "data.frame" "eval" "eval" "as.data.frame.list" "as.data.frame" "data.frame" "FUN" "lapply" "similaritiesFromCSV" "FUN" "lapply" "unlist" "inherits" "ldply" "getData" 
".row_names_info" "data.frame" "eval" "eval" "as.data.frame.list" "as.data.frame" "data.frame" "FUN" "lapply" "similaritiesFromCSV" "FUN" "lapply" "unlist" "inherits" "ldply" "getData" 
"tempfile" "system" "inducePyam" "FUN" "lapply" "similaritiesFromCSV" "FUN" "lapply" "unlist" "inherits" "ldply" "getData" 
"as.data.frame" "data.frame" "eval" "eval" "as.data.frame.list" "as.data.frame" "data.frame" "FUN" "lapply" "similaritiesFromCSV" "FUN" "lapply" "unlist" "inherits" "ldply" "getData" 
"pmatch" ".deparseOpts" "deparse" "paste" "force" "as.data.frame.integer" "as.data.frame" "data.frame" "eval" "eval" "as.data.frame.list" "as.data.frame" "data.frame" "FUN" "lapply" "similaritiesFromCSV" "FUN" "lapply" "unlist" "inherits" "ldply" "getData" 
"data.frame" "FUN" "lapply" "similaritiesFromCSV" "FUN" "lapply" "unlist" "inherits" "ldply" "getData" 
"data.frame" "eval" "eval" "as.data.frame.list" "as.data.frame" "data.frame" "FUN" "lapply" "similaritiesFromCSV" "FUN" "lapply" "unlist" "inherits" "ldply" "getData" 
"inherits" "is.ordered" "force" "factor" "as.data.frame.character" "as.data.frame" "data.frame" "eval" "eval" "as.data.frame.list" "as.data.frame" "data.frame" "FUN" "lapply" "similaritiesFromCSV" "FUN" "lapply" "unlist" "inherits" "ldply" "getData" 
"mode" "match" "%in%" "deparse" "eval" "match.arg" "sort.list" "factor" "as.data.frame.character" "as.data.frame" "data.frame" "eval" "eval" "as.data.frame.list" "as.data.frame" "data.frame" "FUN" "lapply" "similaritiesFromCSV" "FUN" "lapply" "unlist" "inherits" "ldply" "getData" 
"as.data.frame" "data.frame" "eval" "eval" "as.data.frame.list" "as.data.frame" "data.frame" "FUN" "lapply" "similaritiesFromCSV" "FUN" "lapply" "unlist" "inherits" "ldply" "getData" 
"eval" "match.arg" "sort.list" "factor" "as.data.frame.character" "as.data.frame" "data.frame" "eval" "eval" "as.data.frame.list" "as.data.frame" "data.frame" "FUN" "lapply" "similaritiesFromCSV" "FUN" "lapply" "unlist" "inherits" "ldply" "getData" 
"-" ".deparseOpts" "deparse" "mode" "match" "%in%" "deparse" "as.data.frame.character" "as.data.frame" "data.frame" "eval" "eval" "as.data.frame.list" "as.data.frame" "data.frame" "FUN" "lapply" "similaritiesFromCSV" "FUN" "lapply" "unlist" "inherits" "ldply" "getData" 
"tempfile" "system" "inducePyam" "FUN" "lapply" "similaritiesFromCSV" "FUN" "lapply" "unlist" "inherits" "ldply" "getData" 
"match.arg" "sort.list" "factor" "as.data.frame.character" "as.data.frame" "data.frame" "eval" "eval" "as.data.frame.list" "as.data.frame" "data.frame" "FUN" "lapply" "similaritiesFromCSV" "FUN" "lapply" "unlist" "inherits" "ldply" "getData" 
"paste" "data.frame" "FUN" "lapply" "similaritiesFromCSV" "FUN" "lapply" "unlist" "inherits" "ldply" "getData" 
"data.frame" "FUN" "lapply" "similaritiesFromCSV" "FUN" "lapply" "unlist" "inherits" "ldply" "getData" 
"factor" "as.data.frame.character" "as.data.frame" "data.frame" "eval" "eval" "as.data.frame.list" "as.data.frame" "data.frame" "FUN" "lapply" "similaritiesFromCSV" "FUN" "lapply" "unlist" "inherits" "ldply" "getData" 
"as.data.frame.vector" "as.data.frame.character" "as.data.frame" "data.frame" "FUN" "lapply" "similaritiesFromCSV" "FUN" "lapply" "unlist" "inherits" "ldply" "getData" 
"tempfile" "system" "inducePyam" "FUN" "lapply" "similaritiesFromCSV" "FUN" "lapply" "unlist" "inherits" "ldply" "getData" 
"tempfile" "system" "inducePyam" "FUN" "lapply" "similaritiesFromCSV" "FUN" "lapply" "unlist" "inherits" "ldply" "getData" 
"system" "inducePyam" "FUN" "lapply" "similaritiesFromCSV" "FUN" "lapply" "unlist" "inherits" "ldply" "getData" 
"system" "inducePyam" "FUN" "lapply" "similaritiesFromCSV" "FUN" "lapply" "unlist" "inherits" "ldply" "getData" 
"system" "inducePyam" "FUN" "lapply" "similaritiesFromCSV" "FUN" "lapply" "unlist" "inherits" "ldply" "getData" 
"eval" "match.arg" "sort.list" "factor" "as.data.frame.character" "as.data.frame" "data.frame" "eval" "eval" "as.data.frame.list" "as.data.frame" "data.frame" "FUN" "lapply" "similaritiesFromCSV" "FUN" "lapply" "unlist" "inherits" "ldply" "getData" 
"tempfile" "system" "inducePyam" "FUN" "lapply" "similaritiesFromCSV" "FUN" "lapply" "unlist" "inherits" "ldply" "getData" 
"tempfile" "system" "inducePyam" "FUN" "lapply" "similaritiesFromCSV" "FUN" "lapply" "unlist" "inherits" "ldply" "getData" 
"system" "inducePyam" "FUN" "lapply" "similaritiesFromCSV" "FUN" "lapply" "unlist" "inherits" "ldply" "getData" 
"tempfile" "system" "inducePyam" "FUN" "lapply" "similaritiesFromCSV" "FUN" "lapply" "unlist" "inherits" "ldply" "getData" 
"paste" "system" "inducePyam" "FUN" "lapply" "similaritiesFromCSV" "FUN" "lapply" "unlist" "inherits" "ldply" "getData" 
"tempfile" "system" "inducePyam" "FUN" "lapply" "similaritiesFromCSV" "FUN" "lapply" "unlist" "inherits" "ldply" "getData" 
".deparseOpts" "deparse" "mode" "match" "%in%" "deparse" "paste" "force" "as.data.frame.integer" "as.data.frame" "data.frame" "eval" "eval" "as.data.frame.list" "as.data.frame" "data.frame" "FUN" "lapply" "similaritiesFromCSV" "FUN" "lapply" "unlist" "inherits" "ldply" "getData" 
"%in%" "deparse" "eval" "match.arg" "sort.list" "factor" "as.data.frame.character" "as.data.frame" "data.frame" "eval" "eval" "as.data.frame.list" "as.data.frame" "data.frame" "FUN" "lapply" "similaritiesFromCSV" "FUN" "lapply" "unlist" "inherits" "ldply" "getData" 
"%in%" "deparse" "eval" "match.arg" "sort.list" "factor" "as.data.frame.character" "as.data.frame" "data.frame" "eval" "eval" "as.data.frame.list" "as.data.frame" "data.frame" "FUN" "lapply" "similaritiesFromCSV" "FUN" "lapply" "unlist" "inherits" "ldply" "getData" 
"data.frame" "FUN" "lapply" "similaritiesFromCSV" "FUN" "lapply" "unlist" "inherits" "ldply" "getData" 
"any" ".deparseOpts" "deparse" "as.data.frame.character" "as.data.frame" "data.frame" "eval" "eval" "as.data.frame.list" "as.data.frame" "data.frame" "FUN" "lapply" "similaritiesFromCSV" "FUN" "lapply" "unlist" "inherits" "ldply" "getData" 
"system" "inducePyam" "FUN" "lapply" "similaritiesFromCSV" "FUN" "lapply" "unlist" "inherits" "ldply" "getData" 
"data.frame" "eval" "eval" "as.data.frame.list" "as.data.frame" "data.frame" "FUN" "lapply" "similaritiesFromCSV" "FUN" "lapply" "unlist" "inherits" "ldply" "getData" 
"tempfile" "system" "inducePyam" "FUN" "lapply" "similaritiesFromCSV" "FUN" "lapply" "unlist" "inherits" "ldply" "getData" 
"system" "inducePyam" "FUN" "lapply" "similaritiesFromCSV" "FUN" "lapply" "unlist" "inherits" "ldply" "getData" 
"tempfile" "system" "inducePyam" "FUN" "lapply" "similaritiesFromCSV" "FUN" "lapply" "unlist" "inherits" "ldply" "getData" 
"as.list" "data.frame" "eval" "eval" "as.data.frame.list" "as.data.frame" "data.frame" "FUN" "lapply" "similaritiesFromCSV" "FUN" "lapply" "unlist" "inherits" "ldply" "getData" 
"tempfile" "system" "inducePyam" "FUN" "lapply" "similaritiesFromCSV" "FUN" "lapply" "unlist" "inherits" "ldply" "getData" 
"is.ordered" "force" "factor" "as.data.frame.character" "as.data.frame" "data.frame" "eval" "eval" "as.data.frame.list" "as.data.frame" "data.frame" "FUN" "lapply" "similaritiesFromCSV" "FUN" "lapply" "unlist" "inherits" "ldply" "getData" 
"tempfile" "system" "inducePyam" "FUN" "lapply" "similaritiesFromCSV" "FUN" "lapply" "unlist" "inherits" "ldply" "getData" 
"paste" "data.frame" "FUN" "lapply" "similaritiesFromCSV" "FUN" "lapply" "unlist" "inherits" "ldply" "getData" 
"factor" "as.data.frame.character" "as.data.frame" "data.frame" "eval" "eval" "as.data.frame.list" "as.data.frame" "data.frame" "FUN" "lapply" "similaritiesFromCSV" "FUN" "lapply" "unlist" "inherits" "ldply" "getData" 
"tempfile" "system" "inducePyam" "FUN" "lapply" "similaritiesFromCSV" "FUN" "lapply" "unlist" "inherits" "ldply" "getData" 
"tempfile" "system" "inducePyam" "FUN" "lapply" "similaritiesFromCSV" "FUN" "lapply" "unlist" "inherits" "ldply" "getData" 
"tempfile" "system" "inducePyam" "FUN" "lapply" "similaritiesFromCSV" "FUN" "lapply" "unlist" "inherits" "ldply" "getData" 
"is.factor" "unique.default" "unique" "factor" "as.data.frame.character" "as.data.frame" "data.frame" "eval" "eval" "as.data.frame.list" "as.data.frame" "data.frame" "FUN" "lapply" "similaritiesFromCSV" "FUN" "lapply" "unlist" "inherits" "ldply" "getData" 
"make.names" "data.frame" "FUN" "lapply" "similaritiesFromCSV" "FUN" "lapply" "unlist" "inherits" "ldply" "getData" 
"==" "data.frame" "FUN" "lapply" "similaritiesFromCSV" "FUN" "lapply" "unlist" "inherits" "ldply" "getData" 
">" "data.frame" "eval" "eval" "as.data.frame.list" "as.data.frame" "data.frame" "FUN" "lapply" "similaritiesFromCSV" "FUN" "lapply" "unlist" "inherits" "ldply" "getData" 
"make.names" "data.frame" "FUN" "lapply" "similaritiesFromCSV" "FUN" "lapply" "unlist" "inherits" "ldply" "getData" 
"as.data.frame.vector" "as.data.frame.character" "as.data.frame" "data.frame" "eval" "eval" "as.data.frame.list" "as.data.frame" "data.frame" "FUN" "lapply" "similaritiesFromCSV" "FUN" "lapply" "unlist" "inherits" "ldply" "getData" 
"tempfile" "system" "inducePyam" "FUN" "lapply" "similaritiesFromCSV" "FUN" "lapply" "unlist" "inherits" "ldply" "getData" 
"unique.default" "unique" "factor" "as.data.frame.character" "as.data.frame" "data.frame" "eval" "eval" "as.data.frame.list" "as.data.frame" "data.frame" "FUN" "lapply" "similaritiesFromCSV" "FUN" "lapply" "unlist" "inherits" "ldply" "getData" 
"tempfile" "system" "inducePyam" "FUN" "lapply" "similaritiesFromCSV" "FUN" "lapply" "unlist" "inherits" "ldply" "getData" 
"as.character" "pmatch" ".deparseOpts" "deparse" "paste" "force" "as.data.frame.numeric" "as.data.frame" "data.frame" "eval" "eval" "as.data.frame.list" "as.data.frame" "data.frame" "FUN" "lapply" "similaritiesFromCSV" "FUN" "lapply" "unlist" "inherits" "ldply" "getData" 
"tempfile" "system" "inducePyam" "FUN" "lapply" "similaritiesFromCSV" "FUN" "lapply" "unlist" "inherits" "ldply" "getData" 
"system" "inducePyam" "FUN" "lapply" "similaritiesFromCSV" "FUN" "lapply" "unlist" "inherits" "ldply" "getData" 
"^" ".deparseOpts" "deparse" "mode" "match" "%in%" "deparse" "paste" "force" "as.data.frame.integer" "as.data.frame" "data.frame" "eval" "eval" "as.data.frame.list" "as.data.frame" "data.frame" "FUN" "lapply" "similaritiesFromCSV" "FUN" "lapply" "unlist" "inherits" "ldply" "getData" 
"deparse" "mode" "match" "%in%" "deparse" "as.data.frame.character" "as.data.frame" "data.frame" "eval" "eval" "as.data.frame.list" "as.data.frame" "data.frame" "FUN" "lapply" "similaritiesFromCSV" "FUN" "lapply" "unlist" "inherits" "ldply" "getData" 
"tempfile" "system" "inducePyam" "FUN" "lapply" "similaritiesFromCSV" "FUN" "lapply" "unlist" "inherits" "ldply" "getData" 
"parent.frame" "eval" "match.arg" "sort.list" "factor" "as.data.frame.character" "as.data.frame" "data.frame" "eval" "eval" "as.data.frame.list" "as.data.frame" "data.frame" "FUN" "lapply" "similaritiesFromCSV" "FUN" "lapply" "unlist" "inherits" "ldply" "getData" 
"names" "names" "as.data.frame.vector" "as.data.frame.character" "as.data.frame" "data.frame" "eval" "eval" "as.data.frame.list" "as.data.frame" "data.frame" "FUN" "lapply" "similaritiesFromCSV" "FUN" "lapply" "unlist" "inherits" "ldply" "getData" 
"names" "names" "as.data.frame.vector" "as.data.frame.character" "as.data.frame" "data.frame" "eval" "eval" "as.data.frame.list" "as.data.frame" "data.frame" "FUN" "lapply" "similaritiesFromCSV" "FUN" "lapply" "unlist" "inherits" "ldply" "getData" 
"tempfile" "system" "inducePyam" "FUN" "lapply" "similaritiesFromCSV" "FUN" "lapply" "unlist" "inherits" "ldply" "getData" 
"tempfile" "system" "inducePyam" "FUN" "lapply" "similaritiesFromCSV" "FUN" "lapply" "unlist" "inherits" "ldply" "getData" 
"data.frame" "FUN" "lapply" "similaritiesFromCSV" "FUN" "lapply" "unlist" "inherits" "ldply" "getData" 
"tempfile" "system" "inducePyam" "FUN" "lapply" "similaritiesFromCSV" "FUN" "lapply" "unlist" "inherits" "ldply" "getData" 
"tempfile" "system" "inducePyam" "FUN" "lapply" "similaritiesFromCSV" "FUN" "lapply" "unlist" "inherits" "ldply" "getData" 
".Call" ".row_names_info" "data.frame" "eval" "eval" "as.data.frame.list" "as.data.frame" "data.frame" "FUN" "lapply" "similaritiesFromCSV" "FUN" "lapply" "unlist" "inherits" "ldply" "getData" 
"tempfile" "system" "inducePyam" "FUN" "lapply" "similaritiesFromCSV" "FUN" "lapply" "unlist" "inherits" "ldply" "getData" 
"system" "inducePyam" "FUN" "lapply" "similaritiesFromCSV" "FUN" "lapply" "unlist" "inherits" "ldply" "getData" 
"tempfile" "system" "inducePyam" "FUN" "lapply" "similaritiesFromCSV" "FUN" "lapply" "unlist" "inherits" "ldply" "getData" 
"match" "%in%" "deparse" "mode" "match" "%in%" "deparse" "as.data.frame.character" "as.data.frame" "data.frame" "eval" "eval" "as.data.frame.list" "as.data.frame" "data.frame" "FUN" "lapply" "similaritiesFromCSV" "FUN" "lapply" "unlist" "inherits" "ldply" "getData" 
"tempfile" "system" "inducePyam" "FUN" "lapply" "similaritiesFromCSV" "FUN" "lapply" "unlist" "inherits" "ldply" "getData" 
"match" "factor" "as.data.frame.character" "as.data.frame" "data.frame" "eval" "eval" "as.data.frame.list" "as.data.frame" "data.frame" "FUN" "lapply" "similaritiesFromCSV" "FUN" "lapply" "unlist" "inherits" "ldply" "getData" 
"names" "names" "as.data.frame.vector" "as.data.frame.character" "as.data.frame" "data.frame" "eval" "eval" "as.data.frame.list" "as.data.frame" "data.frame" "FUN" "lapply" "similaritiesFromCSV" "FUN" "lapply" "unlist" "inherits" "ldply" "getData" 
"any" "as.data.frame.list" "as.data.frame" "data.frame" "FUN" "lapply" "similaritiesFromCSV" "FUN" "lapply" "unlist" "inherits" "ldply" "getData" 
"length" "length" "as.data.frame.vector" "as.data.frame.character" "as.data.frame" "data.frame" "eval" "eval" "as.data.frame.list" "as.data.frame" "data.frame" "FUN" "lapply" "similaritiesFromCSV" "FUN" "lapply" "unlist" "inherits" "ldply" "getData" 
"deparse" "mode" "match" "%in%" "deparse" "as.data.frame.character" "as.data.frame" "data.frame" "FUN" "lapply" "similaritiesFromCSV" "FUN" "lapply" "unlist" "inherits" "ldply" "getData" 
"system" "inducePyam" "FUN" "lapply" "similaritiesFromCSV" "FUN" "lapply" "unlist" "inherits" "ldply" "getData" 
"tempfile" "system" "inducePyam" "FUN" "lapply" "similaritiesFromCSV" "FUN" "lapply" "unlist" "inherits" "ldply" "getData" 
"names" "names" "as.data.frame.vector" "as.data.frame.character" "as.data.frame" "data.frame" "eval" "eval" "as.data.frame.list" "as.data.frame" "data.frame" "FUN" "lapply" "similaritiesFromCSV" "FUN" "lapply" "unlist" "inherits" "ldply" "getData" 
".deparseOpts" "deparse" "as.data.frame.character" "as.data.frame" "data.frame" "FUN" "lapply" "similaritiesFromCSV" "FUN" "lapply" "unlist" "inherits" "ldply" "getData" 
"file" "writeLines" "system" "inducePyam" "FUN" "lapply" "similaritiesFromCSV" "FUN" "lapply" "unlist" "inherits" "ldply" "getData" 
"system" "fromCSV" "similaritiesFromCSV" "FUN" "lapply" "unlist" "inherits" "ldply" "getData" 
"system" "inducePyam" "FUN" "lapply" "similaritiesFromCSV" "FUN" "lapply" "unlist" "inherits" "ldply" "getData" 
">" "%in%" "deparse" "eval" "match.arg" "sort.list" "factor" "as.data.frame.character" "as.data.frame" "data.frame" "eval" "eval" "as.data.frame.list" "as.data.frame" "data.frame" "FUN" "lapply" "similaritiesFromCSV" "FUN" "lapply" "unlist" "inherits" "ldply" "getData" 
"tempfile" "system" "inducePyam" "FUN" "lapply" "similaritiesFromCSV" "FUN" "lapply" "unlist" "inherits" "ldply" "getData" 
"system" "inducePyam" "FUN" "lapply" "similaritiesFromCSV" "FUN" "lapply" "unlist" "inherits" "ldply" "getData" 
"is.list" "eval" "match.arg" "sort.list" "factor" "as.data.frame.character" "as.data.frame" "data.frame" "eval" "eval" "as.data.frame.list" "as.data.frame" "data.frame" "FUN" "lapply" "similaritiesFromCSV" "FUN" "lapply" "unlist" "inherits" "ldply" "getData" 
"tempfile" "system" "inducePyam" "FUN" "lapply" "similaritiesFromCSV" "FUN" "lapply" "unlist" "inherits" "ldply" "getData" 
"as.data.frame.character" "as.data.frame" "data.frame" "eval" "eval" "as.data.frame.list" "as.data.frame" "data.frame" "FUN" "lapply" "similaritiesFromCSV" "FUN" "lapply" "unlist" "inherits" "ldply" "getData" 
"make.names" "data.frame" "FUN" "lapply" "similaritiesFromCSV" "FUN" "lapply" "unlist" "inherits" "ldply" "getData" 
"match" "%in%" "deparse" "paste" "force" "as.data.frame.integer" "as.data.frame" "data.frame" "eval" "eval" "as.data.frame.list" "as.data.frame" "data.frame" "FUN" "lapply" "similaritiesFromCSV" "FUN" "lapply" "unlist" "inherits" "ldply" "getData" 
"names" "names" "as.data.frame.vector" "as.data.frame.character" "as.data.frame" "data.frame" "eval" "eval" "as.data.frame.list" "as.data.frame" "data.frame" "FUN" "lapply" "similaritiesFromCSV" "FUN" "lapply" "unlist" "inherits" "ldply" "getData" 
"names" "names" "as.data.frame.vector" "as.data.frame.character" "as.data.frame" "data.frame" "eval" "eval" "as.data.frame.list" "as.data.frame" "data.frame" "FUN" "lapply" "similaritiesFromCSV" "FUN" "lapply" "unlist" "inherits" "ldply" "getData" 
"tempfile" "system" "inducePyam" "FUN" "lapply" "similaritiesFromCSV" "FUN" "lapply" "unlist" "inherits" "ldply" "getData" 
"deparse" "mode" "match" "%in%" "deparse" "as.data.frame.character" "as.data.frame" "data.frame" "eval" "eval" "as.data.frame.list" "as.data.frame" "data.frame" "FUN" "lapply" "similaritiesFromCSV" "FUN" "lapply" "unlist" "inherits" "ldply" "getData" 
"make.names" "data.frame" "FUN" "lapply" "similaritiesFromCSV" "FUN" "lapply" "unlist" "inherits" "ldply" "getData" 
">" "%in%" "deparse" "paste" "force" "as.data.frame.numeric" "as.data.frame" "data.frame" "eval" "eval" "as.data.frame.list" "as.data.frame" "data.frame" "FUN" "lapply" "similaritiesFromCSV" "FUN" "lapply" "unlist" "inherits" "ldply" "getData" 
"tempfile" "system" "inducePyam" "FUN" "lapply" "similaritiesFromCSV" "FUN" "lapply" "unlist" "inherits" "ldply" "getData" 
">" "%in%" "deparse" "mode" "match" "%in%" "deparse" "as.data.frame.character" "as.data.frame" "data.frame" "eval" "eval" "as.data.frame.list" "as.data.frame" "data.frame" "FUN" "lapply" "similaritiesFromCSV" "FUN" "lapply" "unlist" "inherits" "ldply" "getData" 
"make.names" "data.frame" "FUN" "lapply" "similaritiesFromCSV" "FUN" "lapply" "unlist" "inherits" "ldply" "getData" 
"match.arg" "sort.list" "factor" "as.data.frame.character" "as.data.frame" "data.frame" "eval" "eval" "as.data.frame.list" "as.data.frame" "data.frame" "FUN" "lapply" "similaritiesFromCSV" "FUN" "lapply" "unlist" "inherits" "ldply" "getData" 
"system" "inducePyam" "FUN" "lapply" "similaritiesFromCSV" "FUN" "lapply" "unlist" "inherits" "ldply" "getData" 
"as.list" "data.frame" "eval" "eval" "as.data.frame.list" "as.data.frame" "data.frame" "FUN" "lapply" "similaritiesFromCSV" "FUN" "lapply" "unlist" "inherits" "ldply" "getData" 
"inherits" "unique.default" "unique" "factor" "as.data.frame.character" "as.data.frame" "data.frame" "eval" "eval" "as.data.frame.list" "as.data.frame" "data.frame" "FUN" "lapply" "similaritiesFromCSV" "FUN" "lapply" "unlist" "inherits" "ldply" "getData" 
"!" "factor" "as.data.frame.character" "as.data.frame" "data.frame" "FUN" "lapply" "similaritiesFromCSV" "FUN" "lapply" "unlist" "inherits" "ldply" "getData" 
"file" "writeLines" "system" "inducePyam" "FUN" "lapply" "similaritiesFromCSV" "FUN" "lapply" "unlist" "inherits" "ldply" "getData" 
"length" "length" "as.data.frame.vector" "as.data.frame.character" "as.data.frame" "data.frame" "eval" "eval" "as.data.frame.list" "as.data.frame" "data.frame" "FUN" "lapply" "similaritiesFromCSV" "FUN" "lapply" "unlist" "inherits" "ldply" "getData" 
"FUN" "lapply" "structure" "llply" "ldply" "getData" 
"is.null" "f" "FUN" "lapply" "sapply" "Filter" "rbind.fill" "list_to_dataframe" "ldply" "getData" 
"levels" "FUN" "lapply" "unique" "output_template" "rbind.fill" "list_to_dataframe" "ldply" "getData" 
"[[.data.frame" "[[" "levels" "FUN" "lapply" "unique" "output_template" "rbind.fill" "list_to_dataframe" "ldply" "getData" 
"match" "%in%" "[[.data.frame" "[[" "levels" "FUN" "lapply" "unique" "output_template" "rbind.fill" "list_to_dataframe" "ldply" "getData" 
"attr" "levels.default" "levels" "FUN" "lapply" "unique" "output_template" "rbind.fill" "list_to_dataframe" "ldply" "getData" 
"%in%" "[[.data.frame" "[[" "levels" "FUN" "lapply" "unique" "output_template" "rbind.fill" "list_to_dataframe" "ldply" "getData" 
"levels" "FUN" "lapply" "unique" "output_template" "rbind.fill" "list_to_dataframe" "ldply" "getData" 
"<Anonymous>" "[[.data.frame" "[[" "levels" "FUN" "lapply" "unique" "output_template" "rbind.fill" "list_to_dataframe" "ldply" "getData" 
"levels" "FUN" "lapply" "unique" "output_template" "rbind.fill" "list_to_dataframe" "ldply" "getData" 
"!" "rbind.fill" "list_to_dataframe" "ldply" "getData" 
"[[.data.frame" "[[" "rbind.fill" "list_to_dataframe" "ldply" "getData" 
"class<-" "[<-.factor" "[<-" "rbind.fill" "list_to_dataframe" "ldply" "getData" 
"[[" "rbind.fill" "list_to_dataframe" "ldply" "getData" 
"<Anonymous>" "[[.data.frame" "[[" "rbind.fill" "list_to_dataframe" "ldply" "getData" 
"inherits" "is.factor" "[<-.factor" "[<-" "rbind.fill" "list_to_dataframe" "ldply" "getData" 
"-" "[[.data.frame" "[[" "rbind.fill" "list_to_dataframe" "ldply" "getData" 
"is.matrix" "is.matrix" "rbind.fill" "list_to_dataframe" "ldply" "getData" 
"match" "%in%" "[[.data.frame" "[[" "rbind.fill" "list_to_dataframe" "ldply" "getData" 
"[<-.factor" "[<-" "rbind.fill" "list_to_dataframe" "ldply" "getData" 
"rbind.fill" "list_to_dataframe" "ldply" "getData" 
"[<-.factor" "[<-" "rbind.fill" "list_to_dataframe" "ldply" "getData" 
"[<-.factor" "[<-" "rbind.fill" "list_to_dataframe" "ldply" "getData" 
"[<-.factor" "[<-" "rbind.fill" "list_to_dataframe" "ldply" "getData" 
"levels" "[<-.factor" "[<-" "rbind.fill" "list_to_dataframe" "ldply" "getData" 
"inherits" "is.factor" "[<-.factor" "[<-" "rbind.fill" "list_to_dataframe" "ldply" "getData" 
"[<-.factor" "[<-" "rbind.fill" "list_to_dataframe" "ldply" "getData" 
"levels.default" "levels" "[<-.factor" "[<-" "rbind.fill" "list_to_dataframe" "ldply" "getData" 
"any" "[<-.factor" "[<-" "rbind.fill" "list_to_dataframe" "ldply" "getData" 
"all" "[[.data.frame" "[[" "rbind.fill" "list_to_dataframe" "ldply" "getData" 
"[<-.factor" "[<-" "rbind.fill" "list_to_dataframe" "ldply" "getData" 
"is.factor" "rbind.fill" "list_to_dataframe" "ldply" "getData" 
"[<-" "rbind.fill" "list_to_dataframe" "ldply" "getData" 
"all" "[[.data.frame" "[[" "rbind.fill" "list_to_dataframe" "ldply" "getData" 
"[<-.factor" "[<-" "rbind.fill" "list_to_dataframe" "ldply" "getData" 
"rbind.fill" "list_to_dataframe" "ldply" "getData" 
"levels.default" "levels" "[<-.factor" "[<-" "rbind.fill" "list_to_dataframe" "ldply" "getData" 
"rbind.fill" "list_to_dataframe" "ldply" "getData" 
"all" "[[.data.frame" "[[" "rbind.fill" "list_to_dataframe" "ldply" "getData" 
"[[.data.frame" "[[" "rbind.fill" "list_to_dataframe" "ldply" "getData" 
"format.default" "format" "format.factor" "format" "format.data.frame" "as.matrix" "print.data.frame" "print" 
"format.default" "format" "format.factor" "format" "format.data.frame" "as.matrix" "print.data.frame" "print" 
"match.fun" "lapply" "sapply" "format.data.frame" "as.matrix" "print.data.frame" "print" 
"print.default" "print" "print.data.frame" "print" 
"print.default" "print" "print.data.frame" "print" 
"print.default" "print" "print.data.frame" "print" 
"print.default" "print" "print.data.frame" "print" 
"print.default" "print" "print.data.frame" "print" 
"print.default" "print" "print.data.frame" "print" 
"print.default" "print" "print.data.frame" "print" 
"print.default" "print" "print.data.frame" "print" 
"print.default" "print" "print.data.frame" "print" 
